2019-09-18 10:49:29 ERROR RpcHandler:73 - RPC Server handle request error
java.lang.RuntimeException: 限流器【com.nettyrpc.server.currentlimit.CounterCurrentLimiter】...被触发... requestId:【e728deba-2827-4041-b6f3-da85edc3a22f】
	at com.nettyrpc.interceptor.ServerCurrentLimitInterceptor.handleRequest(ServerCurrentLimitInterceptor.java:47)
	at com.nettyrpc.interceptor.DefaultInterceptorChain.intercept(DefaultInterceptorChain.java:38)
	at com.nettyrpc.server.RpcHandler$1.run(RpcHandler.java:66)
	at java.base/java.util.concurrent.Executors$RunnableAdapter.call(Executors.java:515)
	at java.base/java.util.concurrent.FutureTask.run$$$capture(FutureTask.java:264)
	at java.base/java.util.concurrent.FutureTask.run(FutureTask.java)
	at java.base/java.util.concurrent.ThreadPoolExecutor.runWorker(ThreadPoolExecutor.java:1128)
	at java.base/java.util.concurrent.ThreadPoolExecutor$Worker.run(ThreadPoolExecutor.java:628)
	at java.base/java.lang.Thread.run(Thread.java:834)
2019-09-18 10:49:30 ERROR RpcHandler:73 - RPC Server handle request error
java.lang.RuntimeException: 限流器【com.nettyrpc.server.currentlimit.CounterCurrentLimiter】...被触发... requestId:【912c407f-001e-4cef-8693-de277119aa85】
	at com.nettyrpc.interceptor.ServerCurrentLimitInterceptor.handleRequest(ServerCurrentLimitInterceptor.java:47)
	at com.nettyrpc.interceptor.DefaultInterceptorChain.intercept(DefaultInterceptorChain.java:38)
	at com.nettyrpc.server.RpcHandler$1.run(RpcHandler.java:66)
	at java.base/java.util.concurrent.Executors$RunnableAdapter.call(Executors.java:515)
	at java.base/java.util.concurrent.FutureTask.run$$$capture(FutureTask.java:264)
	at java.base/java.util.concurrent.FutureTask.run(FutureTask.java)
	at java.base/java.util.concurrent.ThreadPoolExecutor.runWorker(ThreadPoolExecutor.java:1128)
	at java.base/java.util.concurrent.ThreadPoolExecutor$Worker.run(ThreadPoolExecutor.java:628)
	at java.base/java.lang.Thread.run(Thread.java:834)
2019-09-18 10:49:45 ERROR RpcHandler:73 - RPC Server handle request error
java.lang.RuntimeException: 限流器【com.nettyrpc.server.currentlimit.CounterCurrentLimiter】...被触发... requestId:【fc1b1b3e-77dd-4a63-b503-ba3b32bf9983】
	at com.nettyrpc.interceptor.ServerCurrentLimitInterceptor.handleRequest(ServerCurrentLimitInterceptor.java:47)
	at com.nettyrpc.interceptor.DefaultInterceptorChain.intercept(DefaultInterceptorChain.java:38)
	at com.nettyrpc.server.RpcHandler$1.run(RpcHandler.java:66)
	at java.base/java.util.concurrent.Executors$RunnableAdapter.call(Executors.java:515)
	at java.base/java.util.concurrent.FutureTask.run$$$capture(FutureTask.java:264)
	at java.base/java.util.concurrent.FutureTask.run(FutureTask.java)
	at java.base/java.util.concurrent.ThreadPoolExecutor.runWorker(ThreadPoolExecutor.java:1128)
	at java.base/java.util.concurrent.ThreadPoolExecutor$Worker.run(ThreadPoolExecutor.java:628)
	at java.base/java.lang.Thread.run(Thread.java:834)
2019-09-18 14:16:29 ERROR RpcHandler:121 - server caught exception
java.io.IOException: 远程主机强迫关闭了一个现有的连接。
	at java.base/sun.nio.ch.SocketDispatcher.read0(Native Method)
	at java.base/sun.nio.ch.SocketDispatcher.read(SocketDispatcher.java:43)
	at java.base/sun.nio.ch.IOUtil.readIntoNativeBuffer(IOUtil.java:276)
	at java.base/sun.nio.ch.IOUtil.read(IOUtil.java:245)
	at java.base/sun.nio.ch.IOUtil.read(IOUtil.java:223)
	at java.base/sun.nio.ch.SocketChannelImpl.read(SocketChannelImpl.java:358)
	at io.netty.buffer.UnpooledHeapByteBuf.setBytes(UnpooledHeapByteBuf.java:256)
	at io.netty.buffer.AbstractByteBuf.writeBytes(AbstractByteBuf.java:881)
	at io.netty.channel.socket.nio.NioSocketChannel.doReadBytes(NioSocketChannel.java:225)
	at io.netty.channel.nio.AbstractNioByteChannel$NioByteUnsafe.read(AbstractNioByteChannel.java:119)
	at io.netty.channel.nio.NioEventLoop.processSelectedKey(NioEventLoop.java:511)
	at io.netty.channel.nio.NioEventLoop.processSelectedKeysOptimized(NioEventLoop.java:468)
	at io.netty.channel.nio.NioEventLoop.processSelectedKeys(NioEventLoop.java:382)
	at io.netty.channel.nio.NioEventLoop.run(NioEventLoop.java:354)
	at io.netty.util.concurrent.SingleThreadEventExecutor$2.run(SingleThreadEventExecutor.java:116)
	at io.netty.util.concurrent.DefaultThreadFactory$DefaultRunnableDecorator.run(DefaultThreadFactory.java:137)
	at java.base/java.lang.Thread.run(Thread.java:834)
